{"timestamp":"2025-12-02T04:00:26.839231Z","level":"info","event":"DAG bundles loaded: dags-folder, example_dags","logger":"airflow.dag_processing.bundles.manager.DagBundlesManager","filename":"manager.py","lineno":179}
{"timestamp":"2025-12-02T04:00:26.839668Z","level":"info","event":"Filling up the DagBag from /opt/airflow/dags/postgre_insert_csvs_dag.py","logger":"airflow.models.dagbag.DagBag","filename":"dagbag.py","lineno":593}
{"timestamp":"2025-12-02T04:00:26.876428Z","level":"warning","event":"The `airflow.decorators.dag` attribute is deprecated. Please use `'airflow.sdk.dag'`.","category":"DeprecatedImportWarning","filename":"/opt/airflow/dags/postgre_insert_csvs_dag.py","lineno":1,"logger":"py.warnings"}
{"timestamp":"2025-12-02T04:00:26.876512Z","level":"warning","event":"The `airflow.decorators.task` attribute is deprecated. Please use `'airflow.sdk.task'`.","category":"DeprecatedImportWarning","filename":"/opt/airflow/dags/postgre_insert_csvs_dag.py","lineno":1,"logger":"py.warnings"}
{"timestamp":"2025-12-02T04:00:26.893566Z","level":"info","event":"Task instance is in running state","logger":"task.stdout"}
{"timestamp":"2025-12-02T04:00:26.893723Z","level":"info","event":" Previous state of the Task instance: TaskInstanceState.QUEUED","logger":"task.stdout"}
{"timestamp":"2025-12-02T04:00:26.893796Z","level":"info","event":"Current task name:relatorio_geral","logger":"task.stdout"}
{"timestamp":"2025-12-02T04:00:26.893850Z","level":"info","event":"Dag name:processar_ttks_para_postgres","logger":"task.stdout"}
{"timestamp":"2025-12-02T04:00:26.894983Z","level":"info","event":"","logger":"task.stdout"}
{"timestamp":"2025-12-02T04:00:26.895068Z","level":"info","event":"============================================================","logger":"task.stdout"}
{"timestamp":"2025-12-02T04:00:26.895119Z","level":"info","event":"📊 RELATÓRIO GERAL DE PROCESSAMENTO","logger":"task.stdout"}
{"timestamp":"2025-12-02T04:00:26.895179Z","level":"info","event":"============================================================","logger":"task.stdout"}
{"timestamp":"2025-12-02T04:00:26.930534Z","level":"info","event":"🏢 Total de clientes processados: 1","logger":"task.stdout"}
{"timestamp":"2025-12-02T04:00:26.930639Z","level":"info","event":"✅ Total de registros inseridos: 0","logger":"task.stdout"}
{"timestamp":"2025-12-02T04:00:26.930701Z","level":"info","event":"🔄 Total de registros atualizados: 1000","logger":"task.stdout"}
{"timestamp":"2025-12-02T04:00:26.930784Z","level":"info","event":"❌ Total de erros: 0","logger":"task.stdout"}
{"timestamp":"2025-12-02T04:00:26.930852Z","level":"info","event":"============================================================","logger":"task.stdout"}
{"timestamp":"2025-12-02T04:00:26.933341Z","level":"info","event":"","logger":"task.stdout"}
{"timestamp":"2025-12-02T04:00:26.933407Z","level":"info","event":"  Cliente: fibrasil","logger":"task.stdout"}
{"timestamp":"2025-12-02T04:00:26.933451Z","level":"info","event":"    Inseridos: 0","logger":"task.stdout"}
{"timestamp":"2025-12-02T04:00:26.933506Z","level":"info","event":"    Atualizados: 1000","logger":"task.stdout"}
{"timestamp":"2025-12-02T04:00:26.933543Z","level":"info","event":"    Erros: 0","logger":"task.stdout"}
{"timestamp":"2025-12-02T04:00:26.936005Z","level":"info","event":"","logger":"task.stdout"}
{"timestamp":"2025-12-02T04:00:26.936096Z","level":"info","event":"============================================================","logger":"task.stdout"}
{"timestamp":"2025-12-02T04:00:26.936156Z","level":"info","event":"✅ PROCESSAMENTO CONCLUÍDO!","logger":"task.stdout"}
{"timestamp":"2025-12-02T04:00:26.936208Z","level":"info","event":"============================================================","logger":"task.stdout"}
{"timestamp":"2025-12-02T04:00:26.936250Z","level":"info","event":"","logger":"task.stdout"}
{"timestamp":"2025-12-02T04:00:26.936341Z","level":"info","event":"Done. Returned value was: None","logger":"airflow.task.operators.airflow.providers.standard.decorators.python._PythonDecoratedOperator","filename":"python.py","lineno":215}
{"timestamp":"2025-12-02T04:00:26.943417Z","level":"info","event":"Task instance in success state","logger":"task.stdout"}
{"timestamp":"2025-12-02T04:00:26.943487Z","level":"info","event":" Previous state of the Task instance: TaskInstanceState.RUNNING","logger":"task.stdout"}
{"timestamp":"2025-12-02T04:00:26.943571Z","level":"info","event":"Task operator:<Task(_PythonDecoratedOperator): relatorio_geral>","logger":"task.stdout"}
