{"timestamp":"2025-12-04T06:32:04.746735Z","level":"info","event":"DAG bundles loaded: dags-folder, example_dags","logger":"airflow.dag_processing.bundles.manager.DagBundlesManager","filename":"manager.py","lineno":179}
{"timestamp":"2025-12-04T06:32:04.748303Z","level":"info","event":"Filling up the DagBag from /opt/airflow/dags/postgre_insert_csvs_dag.py","logger":"airflow.models.dagbag.DagBag","filename":"dagbag.py","lineno":593}
{"timestamp":"2025-12-04T06:32:04.837208Z","level":"warning","event":"The `airflow.decorators.dag` attribute is deprecated. Please use `'airflow.sdk.dag'`.","category":"DeprecatedImportWarning","filename":"/opt/airflow/dags/postgre_insert_csvs_dag.py","lineno":1,"logger":"py.warnings"}
{"timestamp":"2025-12-04T06:32:04.837334Z","level":"warning","event":"The `airflow.decorators.task` attribute is deprecated. Please use `'airflow.sdk.task'`.","category":"DeprecatedImportWarning","filename":"/opt/airflow/dags/postgre_insert_csvs_dag.py","lineno":1,"logger":"py.warnings"}
{"timestamp":"2025-12-04T06:32:04.912881Z","level":"info","event":"Task instance is in running state","logger":"task.stdout"}
{"timestamp":"2025-12-04T06:32:04.913306Z","level":"info","event":" Previous state of the Task instance: TaskInstanceState.QUEUED","logger":"task.stdout"}
{"timestamp":"2025-12-04T06:32:04.913555Z","level":"info","event":"Current task name:relatorio_geral","logger":"task.stdout"}
{"timestamp":"2025-12-04T06:32:04.913704Z","level":"info","event":"Dag name:processar_ttks_para_postgres","logger":"task.stdout"}
{"timestamp":"2025-12-04T06:32:04.916434Z","level":"info","event":"","logger":"task.stdout"}
{"timestamp":"2025-12-04T06:32:04.916719Z","level":"info","event":"============================================================","logger":"task.stdout"}
{"timestamp":"2025-12-04T06:32:04.916880Z","level":"info","event":"📊 RELATÓRIO GERAL DE PROCESSAMENTO","logger":"task.stdout"}
{"timestamp":"2025-12-04T06:32:04.917280Z","level":"info","event":"============================================================","logger":"task.stdout"}
{"timestamp":"2025-12-04T06:32:05.067201Z","level":"info","event":"🏢 Total de clientes processados: 1","logger":"task.stdout"}
{"timestamp":"2025-12-04T06:32:05.069807Z","level":"info","event":"✅ Total de registros inseridos: 0","logger":"task.stdout"}
{"timestamp":"2025-12-04T06:32:05.070252Z","level":"info","event":"🔄 Total de registros atualizados: 1000","logger":"task.stdout"}
{"timestamp":"2025-12-04T06:32:05.070456Z","level":"info","event":"❌ Total de erros: 0","logger":"task.stdout"}
{"timestamp":"2025-12-04T06:32:05.073860Z","level":"info","event":"============================================================","logger":"task.stdout"}
{"timestamp":"2025-12-04T06:32:05.088009Z","level":"info","event":"","logger":"task.stdout"}
{"timestamp":"2025-12-04T06:32:05.088971Z","level":"info","event":"  Cliente: fibrasil","logger":"task.stdout"}
{"timestamp":"2025-12-04T06:32:05.089183Z","level":"info","event":"    Inseridos: 0","logger":"task.stdout"}
{"timestamp":"2025-12-04T06:32:05.089888Z","level":"info","event":"    Atualizados: 1000","logger":"task.stdout"}
{"timestamp":"2025-12-04T06:32:05.090148Z","level":"info","event":"    Erros: 0","logger":"task.stdout"}
{"timestamp":"2025-12-04T06:32:05.107623Z","level":"info","event":"","logger":"task.stdout"}
{"timestamp":"2025-12-04T06:32:05.110439Z","level":"info","event":"============================================================","logger":"task.stdout"}
{"timestamp":"2025-12-04T06:32:05.110926Z","level":"info","event":"✅ PROCESSAMENTO CONCLUÍDO!","logger":"task.stdout"}
{"timestamp":"2025-12-04T06:32:05.111196Z","level":"info","event":"============================================================","logger":"task.stdout"}
{"timestamp":"2025-12-04T06:32:05.111508Z","level":"info","event":"","logger":"task.stdout"}
{"timestamp":"2025-12-04T06:32:05.108437Z","level":"info","event":"Done. Returned value was: None","logger":"airflow.task.operators.airflow.providers.standard.decorators.python._PythonDecoratedOperator","filename":"python.py","lineno":215}
{"timestamp":"2025-12-04T06:32:05.152169Z","level":"info","event":"Task instance in success state","logger":"task.stdout"}
{"timestamp":"2025-12-04T06:32:05.152829Z","level":"info","event":" Previous state of the Task instance: TaskInstanceState.RUNNING","logger":"task.stdout"}
{"timestamp":"2025-12-04T06:32:05.154013Z","level":"info","event":"Task operator:<Task(_PythonDecoratedOperator): relatorio_geral>","logger":"task.stdout"}
