{"timestamp":"2025-11-30T04:00:25.886057Z","level":"info","event":"DAG bundles loaded: dags-folder, example_dags","logger":"airflow.dag_processing.bundles.manager.DagBundlesManager","filename":"manager.py","lineno":179}
{"timestamp":"2025-11-30T04:00:25.887062Z","level":"info","event":"Filling up the DagBag from /opt/airflow/dags/postgre_insert_csvs_dag.py","logger":"airflow.models.dagbag.DagBag","filename":"dagbag.py","lineno":593}
{"timestamp":"2025-11-30T04:00:25.981027Z","level":"warning","event":"The `airflow.decorators.dag` attribute is deprecated. Please use `'airflow.sdk.dag'`.","category":"DeprecatedImportWarning","filename":"/opt/airflow/dags/postgre_insert_csvs_dag.py","lineno":1,"logger":"py.warnings"}
{"timestamp":"2025-11-30T04:00:25.981196Z","level":"warning","event":"The `airflow.decorators.task` attribute is deprecated. Please use `'airflow.sdk.task'`.","category":"DeprecatedImportWarning","filename":"/opt/airflow/dags/postgre_insert_csvs_dag.py","lineno":1,"logger":"py.warnings"}
{"timestamp":"2025-11-30T04:00:26.011394Z","level":"info","event":"Task instance is in running state","logger":"task.stdout"}
{"timestamp":"2025-11-30T04:00:26.011585Z","level":"info","event":" Previous state of the Task instance: TaskInstanceState.QUEUED","logger":"task.stdout"}
{"timestamp":"2025-11-30T04:00:26.011726Z","level":"info","event":"Current task name:relatorio_geral","logger":"task.stdout"}
{"timestamp":"2025-11-30T04:00:26.011812Z","level":"info","event":"Dag name:processar_ttks_para_postgres","logger":"task.stdout"}
{"timestamp":"2025-11-30T04:00:26.013490Z","level":"info","event":"","logger":"task.stdout"}
{"timestamp":"2025-11-30T04:00:26.013590Z","level":"info","event":"============================================================","logger":"task.stdout"}
{"timestamp":"2025-11-30T04:00:26.013642Z","level":"info","event":"📊 RELATÓRIO GERAL DE PROCESSAMENTO","logger":"task.stdout"}
{"timestamp":"2025-11-30T04:00:26.013682Z","level":"info","event":"============================================================","logger":"task.stdout"}
{"timestamp":"2025-11-30T04:00:26.136502Z","level":"info","event":"🏢 Total de clientes processados: 1","logger":"task.stdout"}
{"timestamp":"2025-11-30T04:00:26.137136Z","level":"info","event":"✅ Total de registros inseridos: 0","logger":"task.stdout"}
{"timestamp":"2025-11-30T04:00:26.137389Z","level":"info","event":"🔄 Total de registros atualizados: 1000","logger":"task.stdout"}
{"timestamp":"2025-11-30T04:00:26.137848Z","level":"info","event":"❌ Total de erros: 0","logger":"task.stdout"}
{"timestamp":"2025-11-30T04:00:26.138064Z","level":"info","event":"============================================================","logger":"task.stdout"}
{"timestamp":"2025-11-30T04:00:26.145712Z","level":"info","event":"","logger":"task.stdout"}
{"timestamp":"2025-11-30T04:00:26.145911Z","level":"info","event":"  Cliente: fibrasil","logger":"task.stdout"}
{"timestamp":"2025-11-30T04:00:26.146110Z","level":"info","event":"    Inseridos: 0","logger":"task.stdout"}
{"timestamp":"2025-11-30T04:00:26.146372Z","level":"info","event":"    Atualizados: 1000","logger":"task.stdout"}
{"timestamp":"2025-11-30T04:00:26.146543Z","level":"info","event":"    Erros: 0","logger":"task.stdout"}
{"timestamp":"2025-11-30T04:00:26.153009Z","level":"info","event":"","logger":"task.stdout"}
{"timestamp":"2025-11-30T04:00:26.153445Z","level":"info","event":"============================================================","logger":"task.stdout"}
{"timestamp":"2025-11-30T04:00:26.153672Z","level":"info","event":"✅ PROCESSAMENTO CONCLUÍDO!","logger":"task.stdout"}
{"timestamp":"2025-11-30T04:00:26.153841Z","level":"info","event":"============================================================","logger":"task.stdout"}
{"timestamp":"2025-11-30T04:00:26.153953Z","level":"info","event":"","logger":"task.stdout"}
{"timestamp":"2025-11-30T04:00:26.153371Z","level":"info","event":"Done. Returned value was: None","logger":"airflow.task.operators.airflow.providers.standard.decorators.python._PythonDecoratedOperator","filename":"python.py","lineno":215}
{"timestamp":"2025-11-30T04:00:26.172740Z","level":"info","event":"Task instance in success state","logger":"task.stdout"}
{"timestamp":"2025-11-30T04:00:26.173050Z","level":"info","event":" Previous state of the Task instance: TaskInstanceState.RUNNING","logger":"task.stdout"}
{"timestamp":"2025-11-30T04:00:26.173904Z","level":"info","event":"Task operator:<Task(_PythonDecoratedOperator): relatorio_geral>","logger":"task.stdout"}
