{"timestamp":"2025-11-28T15:51:34.896608Z","level":"info","event":"DAG bundles loaded: dags-folder, example_dags","logger":"airflow.dag_processing.bundles.manager.DagBundlesManager","filename":"manager.py","lineno":179}
{"timestamp":"2025-11-28T15:51:34.898594Z","level":"info","event":"Filling up the DagBag from /opt/airflow/dags/download_csvs_dag.py","logger":"airflow.models.dagbag.DagBag","filename":"dagbag.py","lineno":593}
{"timestamp":"2025-11-28T15:51:34.943186Z","level":"warning","event":"The `airflow.decorators.dag` attribute is deprecated. Please use `'airflow.sdk.dag'`.","category":"DeprecatedImportWarning","filename":"/opt/airflow/dags/download_csvs_dag.py","lineno":1,"logger":"py.warnings"}
{"timestamp":"2025-11-28T15:51:34.943330Z","level":"warning","event":"The `airflow.decorators.task` attribute is deprecated. Please use `'airflow.sdk.task'`.","category":"DeprecatedImportWarning","filename":"/opt/airflow/dags/download_csvs_dag.py","lineno":1,"logger":"py.warnings"}
{"timestamp":"2025-11-28T15:51:35.155831Z","level":"info","event":"Task instance is in running state","logger":"task.stdout"}
{"timestamp":"2025-11-28T15:51:35.157216Z","level":"info","event":" Previous state of the Task instance: TaskInstanceState.QUEUED","logger":"task.stdout"}
{"timestamp":"2025-11-28T15:51:35.161195Z","level":"info","event":"Current task name:obter_token","logger":"task.stdout"}
{"timestamp":"2025-11-28T15:51:35.163375Z","level":"info","event":"Dag name:download_csvs_fibrasil","logger":"task.stdout"}
{"timestamp":"2025-11-28T15:51:35.165640Z","level":"info","event":"🔐 Obtendo token OAuth2 para cliente: fibrasil...","logger":"task.stdout"}
{"timestamp":"2025-11-28T15:51:35.166687Z","level":"warning","event":"Using Variable.get from `airflow.models` is deprecated.Please use `get` on Variable from sdk(`airflow.sdk.Variable`) instead","category":"DeprecationWarning","filename":"/home/airflow/.local/lib/python3.12/site-packages/airflow/models/variable.py","lineno":151,"logger":"py.warnings"}
{"timestamp":"2025-11-28T15:51:35.192327Z","level":"info","event":"✅ Usando Configuração: client_id - ***","logger":"task.stdout"}
{"timestamp":"2025-11-28T15:51:35.195281Z","level":"info","event":"✅ Usando Configuração: client_secret - ***","logger":"task.stdout"}
{"timestamp":"2025-11-28T15:51:35.195820Z","level":"info","event":"✅ Usando Configuração: api_url - http://host.docker.internal:9090","logger":"task.stdout"}
{"timestamp":"2025-11-28T15:51:35.196335Z","level":"info","event":"✅ Usando Configuração: oauth_url - http://host.docker.internal:9091","logger":"task.stdout"}
{"timestamp":"2025-11-28T15:51:35.384122Z","level":"info","event":"❌ Erro ao obter token: 401 Client Error: Unauthorized for url: http://host.docker.internal:9091/oauth2/token","logger":"task.stdout"}
{"timestamp":"2025-11-28T15:51:35.385037Z","level":"error","event":"Task failed with exception","logger":"task","filename":"task_runner.py","lineno":1002,"error_detail":[{"exc_type":"HTTPError","exc_value":"401 Client Error: Unauthorized for url: http://host.docker.internal:9091/oauth2/token","exc_notes":[],"syntax_error":null,"is_cause":false,"frames":[{"filename":"/home/airflow/.local/lib/python3.12/site-packages/airflow/sdk/execution_time/task_runner.py","lineno":928,"name":"run"},{"filename":"/home/airflow/.local/lib/python3.12/site-packages/airflow/sdk/execution_time/task_runner.py","lineno":1315,"name":"_execute_task"},{"filename":"/home/airflow/.local/lib/python3.12/site-packages/airflow/sdk/bases/operator.py","lineno":416,"name":"wrapper"},{"filename":"/home/airflow/.local/lib/python3.12/site-packages/airflow/sdk/bases/decorator.py","lineno":252,"name":"execute"},{"filename":"/home/airflow/.local/lib/python3.12/site-packages/airflow/sdk/bases/operator.py","lineno":416,"name":"wrapper"},{"filename":"/home/airflow/.local/lib/python3.12/site-packages/airflow/providers/standard/operators/python.py","lineno":213,"name":"execute"},{"filename":"/home/airflow/.local/lib/python3.12/site-packages/airflow/providers/standard/operators/python.py","lineno":236,"name":"execute_callable"},{"filename":"/home/airflow/.local/lib/python3.12/site-packages/airflow/sdk/execution_time/callback_runner.py","lineno":82,"name":"run"},{"filename":"/opt/airflow/dags/download_csvs_dag.py","lineno":67,"name":"obter_token"},{"filename":"/home/airflow/.local/lib/python3.12/site-packages/requests/models.py","lineno":1026,"name":"raise_for_status"}],"is_group":false,"exceptions":[]}]}
{"timestamp":"2025-11-28T15:51:35.444347Z","level":"info","event":"Task instance in failure state","logger":"task.stdout"}
{"timestamp":"2025-11-28T15:51:35.446359Z","level":"info","event":"Task start","logger":"task.stdout"}
{"timestamp":"2025-11-28T15:51:35.448550Z","level":"info","event":"Task:<Task(_PythonDecoratedOperator): obter_token>","logger":"task.stdout"}
{"timestamp":"2025-11-28T15:51:35.451382Z","level":"info","event":"Failure caused by 401 Client Error: Unauthorized for url: http://host.docker.internal:9091/oauth2/token","logger":"task.stdout"}
