{"timestamp":"2025-11-28T14:59:08.253771Z","level":"info","event":"DAG bundles loaded: dags-folder, example_dags","logger":"airflow.dag_processing.bundles.manager.DagBundlesManager","filename":"manager.py","lineno":179}
{"timestamp":"2025-11-28T14:59:08.256089Z","level":"info","event":"Filling up the DagBag from /opt/airflow/dags/download_csvs_dag.py","logger":"airflow.models.dagbag.DagBag","filename":"dagbag.py","lineno":593}
{"timestamp":"2025-11-28T14:59:08.352087Z","level":"warning","event":"The `airflow.decorators.dag` attribute is deprecated. Please use `'airflow.sdk.dag'`.","category":"DeprecatedImportWarning","filename":"/opt/airflow/dags/download_csvs_dag.py","lineno":1,"logger":"py.warnings"}
{"timestamp":"2025-11-28T14:59:08.352233Z","level":"warning","event":"The `airflow.decorators.task` attribute is deprecated. Please use `'airflow.sdk.task'`.","category":"DeprecatedImportWarning","filename":"/opt/airflow/dags/download_csvs_dag.py","lineno":1,"logger":"py.warnings"}
{"timestamp":"2025-11-28T14:59:08.589373Z","level":"info","event":"Task instance is in running state","logger":"task.stdout"}
{"timestamp":"2025-11-28T14:59:08.590116Z","level":"info","event":" Previous state of the Task instance: TaskInstanceState.QUEUED","logger":"task.stdout"}
{"timestamp":"2025-11-28T14:59:08.590510Z","level":"info","event":"Current task name:obter_token","logger":"task.stdout"}
{"timestamp":"2025-11-28T14:59:08.591026Z","level":"info","event":"Dag name:download_csvs_fibrasil","logger":"task.stdout"}
{"timestamp":"2025-11-28T14:59:08.609971Z","level":"info","event":"🔐 Obtendo token OAuth2 para cliente: fibrasil...","logger":"task.stdout"}
{"timestamp":"2025-11-28T14:59:08.609207Z","level":"warning","event":"Using Variable.get from `airflow.models` is deprecated.Please use `get` on Variable from sdk(`airflow.sdk.Variable`) instead","category":"DeprecationWarning","filename":"/home/airflow/.local/lib/python3.12/site-packages/airflow/models/variable.py","lineno":151,"logger":"py.warnings"}
{"timestamp":"2025-11-28T14:59:09.530804Z","level":"info","event":"✅ Token obtido com sucesso para fibrasil!","logger":"task.stdout"}
{"timestamp":"2025-11-28T14:59:09.531657Z","level":"info","event":"Done. Returned value was: {'token': 'bfa2460077b998c0841b9dcf3809a693c2bb60b0cf93df29146d796b8725a2c3', 'cliente': 'fibrasil', 'config': {'oauth_url': 'http://host.docker.internal:9091', 'api_url': 'http://host.docker.internal:8080', 'client_id': 'sigo-admin', 'client_secret': 'j{2P|j<Mzl0qoE==>Z40'}}","logger":"airflow.task.operators.airflow.providers.standard.decorators.python._PythonDecoratedOperator","filename":"python.py","lineno":215}
{"timestamp":"2025-11-28T14:59:09.537886Z","level":"info","event":"Pushing xcom","ti":"RuntimeTaskInstance(id=UUID('019acaf9-94af-77a0-b04b-958b9b53fc51'), task_id='obter_token', dag_id='download_csvs_fibrasil', run_id='scheduled__2025-11-28T03:00:00+00:00', try_number=1, dag_version_id=UUID('019acaf5-4afd-727d-baea-b580a2559e99'), map_index=-1, hostname='8f8141866416', context_carrier={}, task=<Task(_PythonDecoratedOperator): obter_token>, bundle_instance=LocalDagBundle(name=dags-folder), max_tries=2, start_date=datetime.datetime(2025, 11, 28, 14, 59, 6, 427462, tzinfo=datetime.timezone.utc), end_date=None, state=<TaskInstanceState.RUNNING: 'running'>, is_mapped=False, rendered_map_index=None)","logger":"task","filename":"task_runner.py","lineno":1360}
{"timestamp":"2025-11-28T14:59:09.796855Z","level":"info","event":"Task instance in success state","logger":"task.stdout"}
{"timestamp":"2025-11-28T14:59:09.799281Z","level":"info","event":" Previous state of the Task instance: TaskInstanceState.RUNNING","logger":"task.stdout"}
{"timestamp":"2025-11-28T14:59:09.801566Z","level":"info","event":"Task operator:<Task(_PythonDecoratedOperator): obter_token>","logger":"task.stdout"}
{"timestamp":"2025-11-28T15:04:21.629507Z","level":"info","event":"DAG bundles loaded: dags-folder, example_dags","logger":"airflow.dag_processing.bundles.manager.DagBundlesManager","filename":"manager.py","lineno":179}
{"timestamp":"2025-11-28T15:04:21.631036Z","level":"info","event":"Filling up the DagBag from /opt/airflow/dags/download_csvs_dag.py","logger":"airflow.models.dagbag.DagBag","filename":"dagbag.py","lineno":593}
{"timestamp":"2025-11-28T15:04:21.660750Z","level":"warning","event":"The `airflow.decorators.dag` attribute is deprecated. Please use `'airflow.sdk.dag'`.","category":"DeprecatedImportWarning","filename":"/opt/airflow/dags/download_csvs_dag.py","lineno":1,"logger":"py.warnings"}
{"timestamp":"2025-11-28T15:04:21.661385Z","level":"warning","event":"The `airflow.decorators.task` attribute is deprecated. Please use `'airflow.sdk.task'`.","category":"DeprecatedImportWarning","filename":"/opt/airflow/dags/download_csvs_dag.py","lineno":1,"logger":"py.warnings"}
{"timestamp":"2025-11-28T15:04:21.697767Z","level":"info","event":"Task instance is in running state","logger":"task.stdout"}
{"timestamp":"2025-11-28T15:04:21.702662Z","level":"info","event":" Previous state of the Task instance: TaskInstanceState.QUEUED","logger":"task.stdout"}
{"timestamp":"2025-11-28T15:04:21.703421Z","level":"info","event":"Current task name:obter_token","logger":"task.stdout"}
{"timestamp":"2025-11-28T15:04:21.703823Z","level":"info","event":"Dag name:download_csvs_fibrasil","logger":"task.stdout"}
{"timestamp":"2025-11-28T15:04:21.707166Z","level":"info","event":"🔐 Obtendo token OAuth2 para cliente: fibrasil...","logger":"task.stdout"}
{"timestamp":"2025-11-28T15:04:21.707084Z","level":"warning","event":"Using Variable.get from `airflow.models` is deprecated.Please use `get` on Variable from sdk(`airflow.sdk.Variable`) instead","category":"DeprecationWarning","filename":"/home/airflow/.local/lib/python3.12/site-packages/airflow/models/variable.py","lineno":151,"logger":"py.warnings"}
{"timestamp":"2025-11-28T15:04:21.888338Z","level":"info","event":"❌ Erro ao obter token: 401 Client Error: Unauthorized for url: http://host.docker.internal:9091/oauth2/token","logger":"task.stdout"}
{"timestamp":"2025-11-28T15:04:21.890027Z","level":"error","event":"Task failed with exception","logger":"task","filename":"task_runner.py","lineno":1002,"error_detail":[{"exc_type":"HTTPError","exc_value":"401 Client Error: Unauthorized for url: http://host.docker.internal:9091/oauth2/token","exc_notes":[],"syntax_error":null,"is_cause":false,"frames":[{"filename":"/home/airflow/.local/lib/python3.12/site-packages/airflow/sdk/execution_time/task_runner.py","lineno":928,"name":"run"},{"filename":"/home/airflow/.local/lib/python3.12/site-packages/airflow/sdk/execution_time/task_runner.py","lineno":1315,"name":"_execute_task"},{"filename":"/home/airflow/.local/lib/python3.12/site-packages/airflow/sdk/bases/operator.py","lineno":416,"name":"wrapper"},{"filename":"/home/airflow/.local/lib/python3.12/site-packages/airflow/sdk/bases/decorator.py","lineno":252,"name":"execute"},{"filename":"/home/airflow/.local/lib/python3.12/site-packages/airflow/sdk/bases/operator.py","lineno":416,"name":"wrapper"},{"filename":"/home/airflow/.local/lib/python3.12/site-packages/airflow/providers/standard/operators/python.py","lineno":213,"name":"execute"},{"filename":"/home/airflow/.local/lib/python3.12/site-packages/airflow/providers/standard/operators/python.py","lineno":236,"name":"execute_callable"},{"filename":"/home/airflow/.local/lib/python3.12/site-packages/airflow/sdk/execution_time/callback_runner.py","lineno":82,"name":"run"},{"filename":"/opt/airflow/dags/download_csvs_dag.py","lineno":60,"name":"obter_token"},{"filename":"/home/airflow/.local/lib/python3.12/site-packages/requests/models.py","lineno":1026,"name":"raise_for_status"}],"is_group":false,"exceptions":[]}]}
{"timestamp":"2025-11-28T15:04:21.928520Z","level":"info","event":"Task instance in failure state","logger":"task.stdout"}
{"timestamp":"2025-11-28T15:04:21.929043Z","level":"info","event":"Task start","logger":"task.stdout"}
{"timestamp":"2025-11-28T15:04:21.929352Z","level":"info","event":"Task:<Task(_PythonDecoratedOperator): obter_token>","logger":"task.stdout"}
{"timestamp":"2025-11-28T15:04:21.931660Z","level":"info","event":"Failure caused by 401 Client Error: Unauthorized for url: http://host.docker.internal:9091/oauth2/token","logger":"task.stdout"}
