{"timestamp":"2025-11-28T20:14:48.717216Z","level":"info","event":"DAG bundles loaded: dags-folder, example_dags","logger":"airflow.dag_processing.bundles.manager.DagBundlesManager","filename":"manager.py","lineno":179}
{"timestamp":"2025-11-28T20:14:48.719581Z","level":"info","event":"Filling up the DagBag from /opt/airflow/dags/postgre_insert_csvs_dag.py","logger":"airflow.models.dagbag.DagBag","filename":"dagbag.py","lineno":593}
{"timestamp":"2025-11-28T20:14:48.835509Z","level":"warning","event":"The `airflow.decorators.dag` attribute is deprecated. Please use `'airflow.sdk.dag'`.","category":"DeprecatedImportWarning","filename":"/opt/airflow/dags/postgre_insert_csvs_dag.py","lineno":1,"logger":"py.warnings"}
{"timestamp":"2025-11-28T20:14:48.835912Z","level":"warning","event":"The `airflow.decorators.task` attribute is deprecated. Please use `'airflow.sdk.task'`.","category":"DeprecatedImportWarning","filename":"/opt/airflow/dags/postgre_insert_csvs_dag.py","lineno":1,"logger":"py.warnings"}
{"timestamp":"2025-11-28T20:14:48.894574Z","level":"info","event":"Task instance is in running state","logger":"task.stdout"}
{"timestamp":"2025-11-28T20:14:48.894956Z","level":"info","event":" Previous state of the Task instance: TaskInstanceState.QUEUED","logger":"task.stdout"}
{"timestamp":"2025-11-28T20:14:48.895227Z","level":"info","event":"Current task name:relatorio_geral","logger":"task.stdout"}
{"timestamp":"2025-11-28T20:14:48.895449Z","level":"info","event":"Dag name:processar_ttks_para_postgres","logger":"task.stdout"}
{"timestamp":"2025-11-28T20:14:48.898123Z","level":"info","event":"","logger":"task.stdout"}
{"timestamp":"2025-11-28T20:14:48.899020Z","level":"info","event":"============================================================","logger":"task.stdout"}
{"timestamp":"2025-11-28T20:14:48.899320Z","level":"info","event":"📊 RELATÓRIO GERAL DE PROCESSAMENTO","logger":"task.stdout"}
{"timestamp":"2025-11-28T20:14:48.899509Z","level":"info","event":"============================================================","logger":"task.stdout"}
{"timestamp":"2025-11-28T20:14:49.094282Z","level":"info","event":"🏢 Total de clientes processados: 1","logger":"task.stdout"}
{"timestamp":"2025-11-28T20:14:49.094734Z","level":"info","event":"✅ Total de registros inseridos: 0","logger":"task.stdout"}
{"timestamp":"2025-11-28T20:14:49.094940Z","level":"info","event":"🔄 Total de registros atualizados: 0","logger":"task.stdout"}
{"timestamp":"2025-11-28T20:14:49.095116Z","level":"info","event":"❌ Total de erros: 1000","logger":"task.stdout"}
{"timestamp":"2025-11-28T20:14:49.095329Z","level":"info","event":"============================================================","logger":"task.stdout"}
{"timestamp":"2025-11-28T20:14:49.178560Z","level":"info","event":"","logger":"task.stdout"}
{"timestamp":"2025-11-28T20:14:49.178914Z","level":"info","event":"  Cliente: fibrasil","logger":"task.stdout"}
{"timestamp":"2025-11-28T20:14:49.179157Z","level":"info","event":"    Inseridos: 0","logger":"task.stdout"}
{"timestamp":"2025-11-28T20:14:49.179302Z","level":"info","event":"    Atualizados: 0","logger":"task.stdout"}
{"timestamp":"2025-11-28T20:14:49.179448Z","level":"info","event":"    Erros: 1000","logger":"task.stdout"}
{"timestamp":"2025-11-28T20:14:49.191772Z","level":"info","event":"","logger":"task.stdout"}
{"timestamp":"2025-11-28T20:14:49.192304Z","level":"info","event":"============================================================","logger":"task.stdout"}
{"timestamp":"2025-11-28T20:14:49.192698Z","level":"info","event":"✅ PROCESSAMENTO CONCLUÍDO!","logger":"task.stdout"}
{"timestamp":"2025-11-28T20:14:49.192962Z","level":"info","event":"============================================================","logger":"task.stdout"}
{"timestamp":"2025-11-28T20:14:49.193153Z","level":"info","event":"","logger":"task.stdout"}
{"timestamp":"2025-11-28T20:14:49.193162Z","level":"info","event":"Done. Returned value was: None","logger":"airflow.task.operators.airflow.providers.standard.decorators.python._PythonDecoratedOperator","filename":"python.py","lineno":215}
{"timestamp":"2025-11-28T20:14:49.215959Z","level":"info","event":"Task instance in success state","logger":"task.stdout"}
{"timestamp":"2025-11-28T20:14:49.216559Z","level":"info","event":" Previous state of the Task instance: TaskInstanceState.RUNNING","logger":"task.stdout"}
{"timestamp":"2025-11-28T20:14:49.216987Z","level":"info","event":"Task operator:<Task(_PythonDecoratedOperator): relatorio_geral>","logger":"task.stdout"}
