{"timestamp":"2025-11-28T20:24:14.116763Z","level":"info","event":"DAG bundles loaded: dags-folder, example_dags","logger":"airflow.dag_processing.bundles.manager.DagBundlesManager","filename":"manager.py","lineno":179}
{"timestamp":"2025-11-28T20:24:14.117537Z","level":"info","event":"Filling up the DagBag from /opt/airflow/dags/postgre_insert_csvs_dag.py","logger":"airflow.models.dagbag.DagBag","filename":"dagbag.py","lineno":593}
{"timestamp":"2025-11-28T20:24:14.147914Z","level":"warning","event":"The `airflow.decorators.dag` attribute is deprecated. Please use `'airflow.sdk.dag'`.","category":"DeprecatedImportWarning","filename":"/opt/airflow/dags/postgre_insert_csvs_dag.py","lineno":1,"logger":"py.warnings"}
{"timestamp":"2025-11-28T20:24:14.148003Z","level":"warning","event":"The `airflow.decorators.task` attribute is deprecated. Please use `'airflow.sdk.task'`.","category":"DeprecatedImportWarning","filename":"/opt/airflow/dags/postgre_insert_csvs_dag.py","lineno":1,"logger":"py.warnings"}
{"timestamp":"2025-11-28T20:24:14.162250Z","level":"info","event":"Task instance is in running state","logger":"task.stdout"}
{"timestamp":"2025-11-28T20:24:14.162559Z","level":"info","event":" Previous state of the Task instance: TaskInstanceState.QUEUED","logger":"task.stdout"}
{"timestamp":"2025-11-28T20:24:14.162887Z","level":"info","event":"Current task name:relatorio_geral","logger":"task.stdout"}
{"timestamp":"2025-11-28T20:24:14.163046Z","level":"info","event":"Dag name:processar_ttks_para_postgres","logger":"task.stdout"}
{"timestamp":"2025-11-28T20:24:14.165513Z","level":"info","event":"","logger":"task.stdout"}
{"timestamp":"2025-11-28T20:24:14.165595Z","level":"info","event":"============================================================","logger":"task.stdout"}
{"timestamp":"2025-11-28T20:24:14.165644Z","level":"info","event":"📊 RELATÓRIO GERAL DE PROCESSAMENTO","logger":"task.stdout"}
{"timestamp":"2025-11-28T20:24:14.165691Z","level":"info","event":"============================================================","logger":"task.stdout"}
{"timestamp":"2025-11-28T20:24:14.213184Z","level":"info","event":"🏢 Total de clientes processados: 1","logger":"task.stdout"}
{"timestamp":"2025-11-28T20:24:14.213352Z","level":"info","event":"✅ Total de registros inseridos: 1000","logger":"task.stdout"}
{"timestamp":"2025-11-28T20:24:14.213448Z","level":"info","event":"🔄 Total de registros atualizados: 0","logger":"task.stdout"}
{"timestamp":"2025-11-28T20:24:14.213526Z","level":"info","event":"❌ Total de erros: 0","logger":"task.stdout"}
{"timestamp":"2025-11-28T20:24:14.213595Z","level":"info","event":"============================================================","logger":"task.stdout"}
{"timestamp":"2025-11-28T20:24:14.218623Z","level":"info","event":"","logger":"task.stdout"}
{"timestamp":"2025-11-28T20:24:14.218756Z","level":"info","event":"  Cliente: fibrasil","logger":"task.stdout"}
{"timestamp":"2025-11-28T20:24:14.218856Z","level":"info","event":"    Inseridos: 1000","logger":"task.stdout"}
{"timestamp":"2025-11-28T20:24:14.218945Z","level":"info","event":"    Atualizados: 0","logger":"task.stdout"}
{"timestamp":"2025-11-28T20:24:14.219041Z","level":"info","event":"    Erros: 0","logger":"task.stdout"}
{"timestamp":"2025-11-28T20:24:14.222746Z","level":"info","event":"","logger":"task.stdout"}
{"timestamp":"2025-11-28T20:24:14.222875Z","level":"info","event":"============================================================","logger":"task.stdout"}
{"timestamp":"2025-11-28T20:24:14.222969Z","level":"info","event":"✅ PROCESSAMENTO CONCLUÍDO!","logger":"task.stdout"}
{"timestamp":"2025-11-28T20:24:14.223299Z","level":"info","event":"============================================================","logger":"task.stdout"}
{"timestamp":"2025-11-28T20:24:14.223400Z","level":"info","event":"","logger":"task.stdout"}
{"timestamp":"2025-11-28T20:24:14.223481Z","level":"info","event":"Done. Returned value was: None","logger":"airflow.task.operators.airflow.providers.standard.decorators.python._PythonDecoratedOperator","filename":"python.py","lineno":215}
{"timestamp":"2025-11-28T20:24:14.230652Z","level":"info","event":"Task instance in success state","logger":"task.stdout"}
{"timestamp":"2025-11-28T20:24:14.230754Z","level":"info","event":" Previous state of the Task instance: TaskInstanceState.RUNNING","logger":"task.stdout"}
{"timestamp":"2025-11-28T20:24:14.230856Z","level":"info","event":"Task operator:<Task(_PythonDecoratedOperator): relatorio_geral>","logger":"task.stdout"}
