{"timestamp":"2025-12-01T04:00:25.828594Z","level":"info","event":"DAG bundles loaded: dags-folder, example_dags","logger":"airflow.dag_processing.bundles.manager.DagBundlesManager","filename":"manager.py","lineno":179}
{"timestamp":"2025-12-01T04:00:25.830094Z","level":"info","event":"Filling up the DagBag from /opt/airflow/dags/postgre_insert_csvs_dag.py","logger":"airflow.models.dagbag.DagBag","filename":"dagbag.py","lineno":593}
{"timestamp":"2025-12-01T04:00:25.897034Z","level":"warning","event":"The `airflow.decorators.dag` attribute is deprecated. Please use `'airflow.sdk.dag'`.","category":"DeprecatedImportWarning","filename":"/opt/airflow/dags/postgre_insert_csvs_dag.py","lineno":1,"logger":"py.warnings"}
{"timestamp":"2025-12-01T04:00:25.897335Z","level":"warning","event":"The `airflow.decorators.task` attribute is deprecated. Please use `'airflow.sdk.task'`.","category":"DeprecatedImportWarning","filename":"/opt/airflow/dags/postgre_insert_csvs_dag.py","lineno":1,"logger":"py.warnings"}
{"timestamp":"2025-12-01T04:00:25.915362Z","level":"info","event":"Task instance is in running state","logger":"task.stdout"}
{"timestamp":"2025-12-01T04:00:25.915551Z","level":"info","event":" Previous state of the Task instance: TaskInstanceState.QUEUED","logger":"task.stdout"}
{"timestamp":"2025-12-01T04:00:25.915674Z","level":"info","event":"Current task name:relatorio_geral","logger":"task.stdout"}
{"timestamp":"2025-12-01T04:00:25.915844Z","level":"info","event":"Dag name:processar_ttks_para_postgres","logger":"task.stdout"}
{"timestamp":"2025-12-01T04:00:25.917995Z","level":"info","event":"","logger":"task.stdout"}
{"timestamp":"2025-12-01T04:00:25.918085Z","level":"info","event":"============================================================","logger":"task.stdout"}
{"timestamp":"2025-12-01T04:00:25.918152Z","level":"info","event":"📊 RELATÓRIO GERAL DE PROCESSAMENTO","logger":"task.stdout"}
{"timestamp":"2025-12-01T04:00:25.918232Z","level":"info","event":"============================================================","logger":"task.stdout"}
{"timestamp":"2025-12-01T04:00:25.959690Z","level":"info","event":"🏢 Total de clientes processados: 1","logger":"task.stdout"}
{"timestamp":"2025-12-01T04:00:25.959815Z","level":"info","event":"✅ Total de registros inseridos: 0","logger":"task.stdout"}
{"timestamp":"2025-12-01T04:00:25.959869Z","level":"info","event":"🔄 Total de registros atualizados: 1000","logger":"task.stdout"}
{"timestamp":"2025-12-01T04:00:25.959909Z","level":"info","event":"❌ Total de erros: 0","logger":"task.stdout"}
{"timestamp":"2025-12-01T04:00:25.959948Z","level":"info","event":"============================================================","logger":"task.stdout"}
{"timestamp":"2025-12-01T04:00:25.962752Z","level":"info","event":"","logger":"task.stdout"}
{"timestamp":"2025-12-01T04:00:25.962824Z","level":"info","event":"  Cliente: fibrasil","logger":"task.stdout"}
{"timestamp":"2025-12-01T04:00:25.962864Z","level":"info","event":"    Inseridos: 0","logger":"task.stdout"}
{"timestamp":"2025-12-01T04:00:25.962900Z","level":"info","event":"    Atualizados: 1000","logger":"task.stdout"}
{"timestamp":"2025-12-01T04:00:25.962936Z","level":"info","event":"    Erros: 0","logger":"task.stdout"}
{"timestamp":"2025-12-01T04:00:25.965881Z","level":"info","event":"","logger":"task.stdout"}
{"timestamp":"2025-12-01T04:00:25.966001Z","level":"info","event":"============================================================","logger":"task.stdout"}
{"timestamp":"2025-12-01T04:00:25.966209Z","level":"info","event":"✅ PROCESSAMENTO CONCLUÍDO!","logger":"task.stdout"}
{"timestamp":"2025-12-01T04:00:25.966275Z","level":"info","event":"============================================================","logger":"task.stdout"}
{"timestamp":"2025-12-01T04:00:25.966357Z","level":"info","event":"","logger":"task.stdout"}
{"timestamp":"2025-12-01T04:00:25.966294Z","level":"info","event":"Done. Returned value was: None","logger":"airflow.task.operators.airflow.providers.standard.decorators.python._PythonDecoratedOperator","filename":"python.py","lineno":215}
{"timestamp":"2025-12-01T04:00:25.974975Z","level":"info","event":"Task instance in success state","logger":"task.stdout"}
{"timestamp":"2025-12-01T04:00:25.975089Z","level":"info","event":" Previous state of the Task instance: TaskInstanceState.RUNNING","logger":"task.stdout"}
{"timestamp":"2025-12-01T04:00:25.975196Z","level":"info","event":"Task operator:<Task(_PythonDecoratedOperator): relatorio_geral>","logger":"task.stdout"}
