{"timestamp":"2025-11-28T20:05:14.202196Z","level":"info","event":"DAG bundles loaded: dags-folder, example_dags","logger":"airflow.dag_processing.bundles.manager.DagBundlesManager","filename":"manager.py","lineno":179}
{"timestamp":"2025-11-28T20:05:14.202856Z","level":"info","event":"Filling up the DagBag from /opt/airflow/dags/postgre_insert_csvs_dag.py","logger":"airflow.models.dagbag.DagBag","filename":"dagbag.py","lineno":593}
{"timestamp":"2025-11-28T20:05:14.236503Z","level":"warning","event":"The `airflow.decorators.dag` attribute is deprecated. Please use `'airflow.sdk.dag'`.","category":"DeprecatedImportWarning","filename":"/opt/airflow/dags/postgre_insert_csvs_dag.py","lineno":1,"logger":"py.warnings"}
{"timestamp":"2025-11-28T20:05:14.236760Z","level":"warning","event":"The `airflow.decorators.task` attribute is deprecated. Please use `'airflow.sdk.task'`.","category":"DeprecatedImportWarning","filename":"/opt/airflow/dags/postgre_insert_csvs_dag.py","lineno":1,"logger":"py.warnings"}
{"timestamp":"2025-11-28T20:05:14.260966Z","level":"info","event":"Task instance is in running state","logger":"task.stdout"}
{"timestamp":"2025-11-28T20:05:14.261181Z","level":"info","event":" Previous state of the Task instance: TaskInstanceState.QUEUED","logger":"task.stdout"}
{"timestamp":"2025-11-28T20:05:14.262167Z","level":"info","event":"Current task name:relatorio_geral","logger":"task.stdout"}
{"timestamp":"2025-11-28T20:05:14.262629Z","level":"info","event":"Dag name:processar_ttks_para_postgres","logger":"task.stdout"}
{"timestamp":"2025-11-28T20:05:14.262953Z","level":"info","event":"","logger":"task.stdout"}
{"timestamp":"2025-11-28T20:05:14.263049Z","level":"info","event":"============================================================","logger":"task.stdout"}
{"timestamp":"2025-11-28T20:05:14.263127Z","level":"info","event":"📊 RELATÓRIO GERAL DE PROCESSAMENTO","logger":"task.stdout"}
{"timestamp":"2025-11-28T20:05:14.263204Z","level":"info","event":"============================================================","logger":"task.stdout"}
{"timestamp":"2025-11-28T20:05:14.320724Z","level":"info","event":"🏢 Total de clientes processados: 1","logger":"task.stdout"}
{"timestamp":"2025-11-28T20:05:14.320943Z","level":"info","event":"✅ Total de registros inseridos: 0","logger":"task.stdout"}
{"timestamp":"2025-11-28T20:05:14.321127Z","level":"info","event":"🔄 Total de registros atualizados: 0","logger":"task.stdout"}
{"timestamp":"2025-11-28T20:05:14.321721Z","level":"info","event":"❌ Total de erros: 1000","logger":"task.stdout"}
{"timestamp":"2025-11-28T20:05:14.321823Z","level":"info","event":"============================================================","logger":"task.stdout"}
{"timestamp":"2025-11-28T20:05:14.331253Z","level":"info","event":"","logger":"task.stdout"}
{"timestamp":"2025-11-28T20:05:14.331374Z","level":"info","event":"  Cliente: fibrasil","logger":"task.stdout"}
{"timestamp":"2025-11-28T20:05:14.332054Z","level":"info","event":"    Inseridos: 0","logger":"task.stdout"}
{"timestamp":"2025-11-28T20:05:14.332153Z","level":"info","event":"    Atualizados: 0","logger":"task.stdout"}
{"timestamp":"2025-11-28T20:05:14.332213Z","level":"info","event":"    Erros: 1000","logger":"task.stdout"}
{"timestamp":"2025-11-28T20:05:14.339155Z","level":"info","event":"","logger":"task.stdout"}
{"timestamp":"2025-11-28T20:05:14.339661Z","level":"info","event":"============================================================","logger":"task.stdout"}
{"timestamp":"2025-11-28T20:05:14.339910Z","level":"info","event":"✅ PROCESSAMENTO CONCLUÍDO!","logger":"task.stdout"}
{"timestamp":"2025-11-28T20:05:14.340181Z","level":"info","event":"============================================================","logger":"task.stdout"}
{"timestamp":"2025-11-28T20:05:14.340246Z","level":"info","event":"","logger":"task.stdout"}
{"timestamp":"2025-11-28T20:05:14.339505Z","level":"info","event":"Done. Returned value was: None","logger":"airflow.task.operators.airflow.providers.standard.decorators.python._PythonDecoratedOperator","filename":"python.py","lineno":215}
{"timestamp":"2025-11-28T20:05:14.352817Z","level":"info","event":"Task instance in success state","logger":"task.stdout"}
{"timestamp":"2025-11-28T20:05:14.353028Z","level":"info","event":" Previous state of the Task instance: TaskInstanceState.RUNNING","logger":"task.stdout"}
{"timestamp":"2025-11-28T20:05:14.353145Z","level":"info","event":"Task operator:<Task(_PythonDecoratedOperator): relatorio_geral>","logger":"task.stdout"}
